{
  "stats": {
    "suites": 21,
    "tests": 25,
    "passes": 25,
    "pending": 0,
    "failures": 0,
    "start": "2022-01-21T11:41:42.766Z",
    "end": "2022-01-21T11:41:46.254Z",
    "duration": 3488,
    "testsRegistered": 25,
    "passPercent": 100,
    "pendingPercent": 0,
    "other": 0,
    "hasOther": false,
    "skipped": 0,
    "hasSkipped": false
  },
  "results": [
    {
      "uuid": "699fc048-319a-44cf-bcd5-b07c6c753133",
      "title": "",
      "fullFile": "",
      "file": "",
      "beforeHooks": [],
      "afterHooks": [],
      "tests": [],
      "suites": [
        {
          "uuid": "6a6351ef-0bf5-48e4-9240-59410abc6440",
          "title": "Article",
          "fullFile": "/home/samy/Documents/Code/ATLP/Capstone Project/my-brand-api/test/articles.spec.js",
          "file": "/test/articles.spec.js",
          "beforeHooks": [
            {
              "title": "\"before all\" hook in \"Article\"",
              "fullTitle": "Article \"before all\" hook in \"Article\"",
              "timedOut": false,
              "duration": 708,
              "state": null,
              "speed": null,
              "pass": false,
              "fail": false,
              "pending": false,
              "context": null,
              "code": "Article.deleteMany({}, (err) => {\n});\nUser.deleteMany({}, (err) => {\n    done();\n });",
              "err": {},
              "uuid": "2eba58ed-4786-442a-a0a4-8858bfeae01e",
              "parentUUID": "6a6351ef-0bf5-48e4-9240-59410abc6440",
              "isHook": true,
              "skipped": false
            }
          ],
          "afterHooks": [
            {
              "title": "\"after all\" hook in \"Article\"",
              "fullTitle": "Article \"after all\" hook in \"Article\"",
              "timedOut": false,
              "duration": 9,
              "state": null,
              "speed": null,
              "pass": false,
              "fail": false,
              "pending": false,
              "context": null,
              "code": "Article.deleteMany({}, (err) => {\n});\nUser.deleteMany({}, (err) => {\n    done();\n });",
              "err": {},
              "uuid": "e375f9b3-286f-49f2-9008-47882f5a595a",
              "parentUUID": "6a6351ef-0bf5-48e4-9240-59410abc6440",
              "isHook": true,
              "skipped": false
            }
          ],
          "tests": [],
          "suites": [
            {
              "uuid": "c6caa3e3-1c3c-4278-a0db-6734a1f2ab92",
              "title": "/GET article",
              "fullFile": "/home/samy/Documents/Code/ATLP/Capstone Project/my-brand-api/test/articles.spec.js",
              "file": "/test/articles.spec.js",
              "beforeHooks": [],
              "afterHooks": [],
              "tests": [
                {
                  "title": "it should GET all the articles",
                  "fullTitle": "Article /GET article it should GET all the articles",
                  "timedOut": false,
                  "duration": 164,
                  "state": "passed",
                  "speed": "slow",
                  "pass": true,
                  "fail": false,
                  "pending": false,
                  "context": null,
                  "code": "chai.request(server)\n.get('/api/v1/articles')\n.end((err, res) => {\n        res.should.have.status(200);\n        res.body.should.be.a('object');\n        res.body.should.have.property('data');\n        res.body.data.should.have.property('articles');\n        res.body.data.articles.should.be.a('array');\n    done();\n});",
                  "err": {},
                  "uuid": "7976fa56-b82c-4a00-951d-fa6592104ed2",
                  "parentUUID": "c6caa3e3-1c3c-4278-a0db-6734a1f2ab92",
                  "isHook": false,
                  "skipped": false
                }
              ],
              "suites": [],
              "passes": [
                "7976fa56-b82c-4a00-951d-fa6592104ed2"
              ],
              "failures": [],
              "pending": [],
              "skipped": [],
              "duration": 164,
              "root": false,
              "rootEmpty": false,
              "_timeout": 30000
            },
            {
              "uuid": "c9b375d5-ca66-4317-85cc-0d78d86e8d41",
              "title": "/POST article",
              "fullFile": "/home/samy/Documents/Code/ATLP/Capstone Project/my-brand-api/test/articles.spec.js",
              "file": "/test/articles.spec.js",
              "beforeHooks": [],
              "afterHooks": [],
              "tests": [
                {
                  "title": "it should not POST an article without authorization",
                  "fullTitle": "Article /POST article it should not POST an article without authorization",
                  "timedOut": false,
                  "duration": 161,
                  "state": "passed",
                  "speed": "slow",
                  "pass": true,
                  "fail": false,
                  "pending": false,
                  "context": null,
                  "code": "const article = {\n    title: \"The importance of learning computer development\",\n    author: \"Sam\",\n    content: \"Computer development improves creativity\"\n}\nchai.request(server)\n.post('/api/v1/articles')\n.send(article)\n.end((err, res) => {\n        res.should.have.status(401);\n        res.body.should.be.a('object');\n        res.body.should.have.property('message').eql('Unauthorized');\n    done();\n});",
                  "err": {},
                  "uuid": "a136f025-0902-4795-bf4c-caf80b32069e",
                  "parentUUID": "c9b375d5-ca66-4317-85cc-0d78d86e8d41",
                  "isHook": false,
                  "skipped": false
                },
                {
                  "title": "it should POST an article ",
                  "fullTitle": "Article /POST article it should POST an article ",
                  "timedOut": false,
                  "duration": 400,
                  "state": "passed",
                  "speed": "slow",
                  "pass": true,
                  "fail": false,
                  "pending": false,
                  "context": null,
                  "code": "chai.request(server)\n    .post('/api/v1/users')\n    .send({\n        'email': 'jadoncsancho@gmail.com',\n        'password': 'Sancho25'\n    })\n    .end((err, res) => {\n        res.should.have.status(201);\nchai.request(server)\n    .post('/api/v1/login')\n    .send({\n        'email': 'jadoncsancho@gmail.com',\n        'password': 'Sancho25'\n    })\n    .end((err, res) => {\n        res.should.have.status(200);\n        res.body.should.be.a('object');\n        res.body.should.have.property('accessToken');\n        const token = res.body.accessToken;\n                    \n            const article = {\n                title: \"The importance of learning computer development\",\n                author: \"Sam\",\n                content: \"Computer development improves creativity\"\n            }\n            chai.request(server)\n            .post('/api/v1/articles')\n            .set({ Authorization: `Bearer ${token}` })\n            .send(article)\n            .end((err, res) => {\n                    res.should.have.status(201);\n                    res.body.should.be.a('object');\n                    res.body.should.have.property('data');\n                    res.body.data.should.have.property('article');\n                    res.body.data.article.should.have.property('_id');\n                    res.body.data.article.should.have.property('title');\n                    res.body.data.article.should.have.property('author');\n                    res.body.data.article.should.have.property('content');\n                    id = res.body.data.article._id;\n                done();\n            });\n        })\n    });",
                  "err": {},
                  "uuid": "a7f408a1-8779-40e3-b668-8d3c6e047826",
                  "parentUUID": "c9b375d5-ca66-4317-85cc-0d78d86e8d41",
                  "isHook": false,
                  "skipped": false
                }
              ],
              "suites": [],
              "passes": [
                "a136f025-0902-4795-bf4c-caf80b32069e",
                "a7f408a1-8779-40e3-b668-8d3c6e047826"
              ],
              "failures": [],
              "pending": [],
              "skipped": [],
              "duration": 561,
              "root": false,
              "rootEmpty": false,
              "_timeout": 30000
            },
            {
              "uuid": "12fac815-bd1d-4ebb-bf04-1c33571f0c19",
              "title": "/GET/:id article",
              "fullFile": "/home/samy/Documents/Code/ATLP/Capstone Project/my-brand-api/test/articles.spec.js",
              "file": "/test/articles.spec.js",
              "beforeHooks": [],
              "afterHooks": [],
              "tests": [
                {
                  "title": "it should GET the article by the given id",
                  "fullTitle": "Article /GET/:id article it should GET the article by the given id",
                  "timedOut": false,
                  "duration": 15,
                  "state": "passed",
                  "speed": "fast",
                  "pass": true,
                  "fail": false,
                  "pending": false,
                  "context": null,
                  "code": "chai.request(server)\n.get('/api/v1/articles/' + id)\n.end((err, res) => {\n        res.should.have.status(200);\n        res.body.should.be.a('object');\n        res.body.should.have.property('data');\n        res.body.data.should.have.property('article');\n        res.body.data.article.should.have.property('title');\n        res.body.data.article.should.have.property('author');\n        res.body.data.article.should.have.property('content');\n        res.body.data.article.should.have.property('_id').eql(id);\n    done();\n});",
                  "err": {},
                  "uuid": "44d3c810-3898-4145-a0bc-51a5220a5d01",
                  "parentUUID": "12fac815-bd1d-4ebb-bf04-1c33571f0c19",
                  "isHook": false,
                  "skipped": false
                }
              ],
              "suites": [],
              "passes": [
                "44d3c810-3898-4145-a0bc-51a5220a5d01"
              ],
              "failures": [],
              "pending": [],
              "skipped": [],
              "duration": 15,
              "root": false,
              "rootEmpty": false,
              "_timeout": 30000
            },
            {
              "uuid": "70dc0532-2ad0-48fc-9973-f0e463898586",
              "title": "/PUT/:id article",
              "fullFile": "/home/samy/Documents/Code/ATLP/Capstone Project/my-brand-api/test/articles.spec.js",
              "file": "/test/articles.spec.js",
              "beforeHooks": [],
              "afterHooks": [],
              "tests": [
                {
                  "title": "it should not UPDATE an article without authorization",
                  "fullTitle": "Article /PUT/:id article it should not UPDATE an article without authorization",
                  "timedOut": false,
                  "duration": 7,
                  "state": "passed",
                  "speed": "fast",
                  "pass": true,
                  "fail": false,
                  "pending": false,
                  "context": null,
                  "code": "chai.request(server)\n.put('/api/v1/articles/' + id)\n.send({\n    title: \"The Chronicles of Narnia\", \n    author: \"C.S. Lewis\", \n    content: \"The Chronicles of Narnia\",                   \n    })\n.end((err, res) => {\n        res.should.have.status(401);\n        res.body.should.be.a('object');\n        res.body.should.have.property('message').eql('Unauthorized');\n    done();\n});",
                  "err": {},
                  "uuid": "650dab2d-b2f5-4d02-a12c-9aa4ef34abd9",
                  "parentUUID": "70dc0532-2ad0-48fc-9973-f0e463898586",
                  "isHook": false,
                  "skipped": false
                },
                {
                  "title": "it should UPDATE an article",
                  "fullTitle": "Article /PUT/:id article it should UPDATE an article",
                  "timedOut": false,
                  "duration": 189,
                  "state": "passed",
                  "speed": "slow",
                  "pass": true,
                  "fail": false,
                  "pending": false,
                  "context": null,
                  "code": "chai.request(server)\n    .post('/api/v1/login')\n    .send({\n        'email': 'jadoncsancho@gmail.com',\n        'password': 'Sancho25'\n    })\n    .end((err, res) => {\n        res.should.have.status(200);\n        res.body.should.be.a('object');\n        res.body.should.have.property('accessToken');\n        const token = res.body.accessToken;\n\n    chai.request(server)\n    .put('/api/v1/articles/' + id)\n    .set({ Authorization: `Bearer ${token}` })\n    .send({\n        title: \"The Chronicles of Narnia\", \n        author: \"C.S. Lewis\", \n        content: \"The Chronicles of Narnia\",                   \n        })\n    .end((err, res) => {\n        res.should.have.status(200);\n        res.body.should.be.a('object');\n        res.body.should.have.property('data');\n        res.body.data.should.have.property('article');\n        res.body.data.article.should.have.property('title');\n        res.body.data.article.should.have.property('author');\n        res.body.data.article.should.have.property('content');\n        res.body.data.article.should.have.property('_id').eql(id);\n        done();\n    });        \n});",
                  "err": {},
                  "uuid": "f5368d91-27ce-43a3-92c8-866e759189a8",
                  "parentUUID": "70dc0532-2ad0-48fc-9973-f0e463898586",
                  "isHook": false,
                  "skipped": false
                }
              ],
              "suites": [],
              "passes": [
                "650dab2d-b2f5-4d02-a12c-9aa4ef34abd9",
                "f5368d91-27ce-43a3-92c8-866e759189a8"
              ],
              "failures": [],
              "pending": [],
              "skipped": [],
              "duration": 196,
              "root": false,
              "rootEmpty": false,
              "_timeout": 30000
            },
            {
              "uuid": "8d8335c7-d0d3-4cb5-b9f6-a48987e49e7d",
              "title": "/DELETE/:id article",
              "fullFile": "/home/samy/Documents/Code/ATLP/Capstone Project/my-brand-api/test/articles.spec.js",
              "file": "/test/articles.spec.js",
              "beforeHooks": [],
              "afterHooks": [],
              "tests": [
                {
                  "title": "it should not DELETE an article without authorization",
                  "fullTitle": "Article /DELETE/:id article it should not DELETE an article without authorization",
                  "timedOut": false,
                  "duration": 5,
                  "state": "passed",
                  "speed": "fast",
                  "pass": true,
                  "fail": false,
                  "pending": false,
                  "context": null,
                  "code": "chai.request(server)\n    .delete('/api/v1/articles/' + id)\n    .end((err, res) => {\n        res.should.have.status(401);\n        res.body.should.be.a('object');\n        res.body.should.have.property('message').eql('Unauthorized');\n        done();\n    });",
                  "err": {},
                  "uuid": "f1280769-fe24-4103-aa40-292d8bc3d7fb",
                  "parentUUID": "8d8335c7-d0d3-4cb5-b9f6-a48987e49e7d",
                  "isHook": false,
                  "skipped": false
                },
                {
                  "title": "it should DELETE an article",
                  "fullTitle": "Article /DELETE/:id article it should DELETE an article",
                  "timedOut": false,
                  "duration": 140,
                  "state": "passed",
                  "speed": "slow",
                  "pass": true,
                  "fail": false,
                  "pending": false,
                  "context": null,
                  "code": "chai.request(server)\n    .post('/api/v1/login')\n    .send({\n        'email': 'jadoncsancho@gmail.com',\n        'password': 'Sancho25'\n    })\n    .end((err, res) => {\n        res.should.have.status(200);\n        res.body.should.be.a('object');\n        res.body.should.have.property('accessToken');\n        const token = res.body.accessToken;\nchai.request(server)\n    .delete('/api/v1/articles/' + id)\n    .set({ Authorization: `Bearer ${token}` })\n    .end((err, res) => {\n        res.should.have.status(200);\n        res.body.should.be.a('object');\n        res.body.should.have.property('message').eql('Article deleted');\n        done();\n    });\n});",
                  "err": {},
                  "uuid": "c8210937-f327-44c2-9378-bd44326dc932",
                  "parentUUID": "8d8335c7-d0d3-4cb5-b9f6-a48987e49e7d",
                  "isHook": false,
                  "skipped": false
                }
              ],
              "suites": [],
              "passes": [
                "f1280769-fe24-4103-aa40-292d8bc3d7fb",
                "c8210937-f327-44c2-9378-bd44326dc932"
              ],
              "failures": [],
              "pending": [],
              "skipped": [],
              "duration": 145,
              "root": false,
              "rootEmpty": false,
              "_timeout": 30000
            }
          ],
          "passes": [],
          "failures": [],
          "pending": [],
          "skipped": [],
          "duration": 0,
          "root": false,
          "rootEmpty": false,
          "_timeout": 30000
        },
        {
          "uuid": "d964b04c-959c-4fad-9e97-8c0e3fb7674e",
          "title": "LOGIN",
          "fullFile": "/home/samy/Documents/Code/ATLP/Capstone Project/my-brand-api/test/auth.spec.js",
          "file": "/test/auth.spec.js",
          "beforeHooks": [
            {
              "title": "\"before all\" hook in \"LOGIN\"",
              "fullTitle": "LOGIN \"before all\" hook in \"LOGIN\"",
              "timedOut": false,
              "duration": 4,
              "state": null,
              "speed": null,
              "pass": false,
              "fail": false,
              "pending": false,
              "context": null,
              "code": "User.deleteMany({}, (err) => {\n    done();\n });",
              "err": {},
              "uuid": "faf65976-7a74-4000-8ca3-563c033d0ada",
              "parentUUID": "d964b04c-959c-4fad-9e97-8c0e3fb7674e",
              "isHook": true,
              "skipped": false
            }
          ],
          "afterHooks": [
            {
              "title": "\"after all\" hook in \"LOGIN\"",
              "fullTitle": "LOGIN \"after all\" hook in \"LOGIN\"",
              "timedOut": false,
              "duration": 4,
              "state": null,
              "speed": null,
              "pass": false,
              "fail": false,
              "pending": false,
              "context": null,
              "code": "User.deleteMany({}, (err) => {\n    done();\n });",
              "err": {},
              "uuid": "24311157-5452-4e26-9cf4-09ec2f2f2c5d",
              "parentUUID": "d964b04c-959c-4fad-9e97-8c0e3fb7674e",
              "isHook": true,
              "skipped": false
            }
          ],
          "tests": [],
          "suites": [
            {
              "uuid": "2c86150b-1467-410b-9005-0379eb7eb2fd",
              "title": "LOGIN a user",
              "fullFile": "/home/samy/Documents/Code/ATLP/Capstone Project/my-brand-api/test/auth.spec.js",
              "file": "/test/auth.spec.js",
              "beforeHooks": [],
              "afterHooks": [],
              "tests": [
                {
                  "title": "it should login a user ",
                  "fullTitle": "LOGIN LOGIN a user it should login a user ",
                  "timedOut": false,
                  "duration": 236,
                  "state": "passed",
                  "speed": "slow",
                  "pass": true,
                  "fail": false,
                  "pending": false,
                  "context": null,
                  "code": "chai.request(server)\n.post('/api/v1/users')\n.send({\n    'email': 'jadoncsancho@gmail.com',\n    'password': 'Sancho25'\n})\n.end((err, res) => {\n    res.should.have.status(201);\n    chai.request(server)\n        .post('/api/v1/login')\n        .send({\n            'email': 'jadoncsancho@gmail.com',\n            'password': 'Sancho25'\n        })\n        .end((err, res) => {\n            res.should.have.status(200);\n            res.body.should.be.a('object');\n            res.body.should.have.property('accessToken');\n            done();\n        })\n})",
                  "err": {},
                  "uuid": "c2c88b20-c027-4449-a41c-0839410db2b0",
                  "parentUUID": "2c86150b-1467-410b-9005-0379eb7eb2fd",
                  "isHook": false,
                  "skipped": false
                }
              ],
              "suites": [],
              "passes": [
                "c2c88b20-c027-4449-a41c-0839410db2b0"
              ],
              "failures": [],
              "pending": [],
              "skipped": [],
              "duration": 236,
              "root": false,
              "rootEmpty": false,
              "_timeout": 30000
            }
          ],
          "passes": [],
          "failures": [],
          "pending": [],
          "skipped": [],
          "duration": 0,
          "root": false,
          "rootEmpty": false,
          "_timeout": 30000
        },
        {
          "uuid": "64b92be9-9f2c-4fa6-9670-4176dd0b5b36",
          "title": "Profile",
          "fullFile": "/home/samy/Documents/Code/ATLP/Capstone Project/my-brand-api/test/profiles.spec.js",
          "file": "/test/profiles.spec.js",
          "beforeHooks": [
            {
              "title": "\"before all\" hook in \"Profile\"",
              "fullTitle": "Profile \"before all\" hook in \"Profile\"",
              "timedOut": false,
              "duration": 4,
              "state": null,
              "speed": null,
              "pass": false,
              "fail": false,
              "pending": false,
              "context": null,
              "code": "Profile.deleteMany({}, (err) => {\n});\nUser.deleteMany({}, (err) => {\n    done();\n });",
              "err": {},
              "uuid": "adb1b720-7e38-4796-bdec-8ce8fc51d3fb",
              "parentUUID": "64b92be9-9f2c-4fa6-9670-4176dd0b5b36",
              "isHook": true,
              "skipped": false
            }
          ],
          "afterHooks": [
            {
              "title": "\"after all\" hook in \"Profile\"",
              "fullTitle": "Profile \"after all\" hook in \"Profile\"",
              "timedOut": false,
              "duration": 5,
              "state": null,
              "speed": null,
              "pass": false,
              "fail": false,
              "pending": false,
              "context": null,
              "code": "Profile.deleteMany({}, (err) => {\n});\nUser.deleteMany({}, (err) => {\n    done();\n });",
              "err": {},
              "uuid": "782ddc64-73da-4d5c-9290-bccff21c7b05",
              "parentUUID": "64b92be9-9f2c-4fa6-9670-4176dd0b5b36",
              "isHook": true,
              "skipped": false
            }
          ],
          "tests": [],
          "suites": [
            {
              "uuid": "5febdf96-9e26-4129-952c-3f0d6f39a952",
              "title": "/GET profile",
              "fullFile": "/home/samy/Documents/Code/ATLP/Capstone Project/my-brand-api/test/profiles.spec.js",
              "file": "/test/profiles.spec.js",
              "beforeHooks": [],
              "afterHooks": [],
              "tests": [
                {
                  "title": "it should GET all the profiles",
                  "fullTitle": "Profile /GET profile it should GET all the profiles",
                  "timedOut": false,
                  "duration": 13,
                  "state": "passed",
                  "speed": "fast",
                  "pass": true,
                  "fail": false,
                  "pending": false,
                  "context": null,
                  "code": "chai.request(server)\n.get('/api/v1/profiles')\n.end((err, res) => {\n        res.should.have.status(200);\n        res.body.should.be.a('object');\n        res.body.should.have.property('data');\n        res.body.data.should.have.property('profiles');\n        res.body.data.profiles.should.be.a('array');\n    done();\n});",
                  "err": {},
                  "uuid": "cee5f405-ae10-456e-9f60-1d1bf4c83a20",
                  "parentUUID": "5febdf96-9e26-4129-952c-3f0d6f39a952",
                  "isHook": false,
                  "skipped": false
                }
              ],
              "suites": [],
              "passes": [
                "cee5f405-ae10-456e-9f60-1d1bf4c83a20"
              ],
              "failures": [],
              "pending": [],
              "skipped": [],
              "duration": 13,
              "root": false,
              "rootEmpty": false,
              "_timeout": 30000
            },
            {
              "uuid": "3aece4a7-7078-4641-b5cb-18c5a26cfc77",
              "title": "/POST profile",
              "fullFile": "/home/samy/Documents/Code/ATLP/Capstone Project/my-brand-api/test/profiles.spec.js",
              "file": "/test/profiles.spec.js",
              "beforeHooks": [],
              "afterHooks": [],
              "tests": [
                {
                  "title": "it should not create a profile without authorization",
                  "fullTitle": "Profile /POST profile it should not create a profile without authorization",
                  "timedOut": false,
                  "duration": 9,
                  "state": "passed",
                  "speed": "fast",
                  "pass": true,
                  "fail": false,
                  "pending": false,
                  "context": null,
                  "code": "const profile = {\n    name: \"Samuel\",\n    whatIDo: \"Software developer\",\n    email: \"samuelshyaka@gmail.com\"\n}\nchai.request(server)\n.post('/api/v1/profiles')\n.send(profile)\n.end((err, res) => {\n        res.should.have.status(401);\n        res.body.should.be.a('object');\n        res.body.should.have.property('message').eql('Unauthorized');\n    done();\n});",
                  "err": {},
                  "uuid": "8be9485e-5001-448a-9a61-a41b0c7955e0",
                  "parentUUID": "3aece4a7-7078-4641-b5cb-18c5a26cfc77",
                  "isHook": false,
                  "skipped": false
                },
                {
                  "title": "it should create a profile ",
                  "fullTitle": "Profile /POST profile it should create a profile ",
                  "timedOut": false,
                  "duration": 248,
                  "state": "passed",
                  "speed": "slow",
                  "pass": true,
                  "fail": false,
                  "pending": false,
                  "context": null,
                  "code": "chai.request(server)\n    .post('/api/v1/users')\n    .send({\n        'email': 'jadoncsancho@gmail.com',\n        'password': 'Sancho25'\n    })\n    .end((err, res) => {\n        res.should.have.status(201);\nchai.request(server)\n    .post('/api/v1/login')\n    .send({\n        'email': 'jadoncsancho@gmail.com',\n        'password': 'Sancho25'\n    })\n    .end((err, res) => {\n        res.should.have.status(200);\n        res.body.should.be.a('object');\n        res.body.should.have.property('accessToken');\n        const token = res.body.accessToken;\n                    \n            const profile = {\n                name: \"Samuel\",\n                whatIDo: \"Software engineer\",\n                email: \"samuelshyaka@gmail.com\"\n            }\n            chai.request(server)\n            .post('/api/v1/profiles')\n            .set({ Authorization: `Bearer ${token}` })\n            .send(profile)\n            .end((err, res) => {\n                    res.should.have.status(201);\n                    res.body.should.be.a('object');\n                    res.body.should.have.property('data');\n                    res.body.data.should.have.property('profile');\n                    res.body.data.profile.should.have.property('_id');\n                    res.body.data.profile.should.have.property('name');\n                    res.body.data.profile.should.have.property('whatIDo');\n                    res.body.data.profile.should.have.property('email');\n                    id = res.body.data.profile._id;\n                done();\n            });\n        })\n    });",
                  "err": {},
                  "uuid": "9bb79555-4fdf-4bbe-9cd4-95d3bbca2bf0",
                  "parentUUID": "3aece4a7-7078-4641-b5cb-18c5a26cfc77",
                  "isHook": false,
                  "skipped": false
                }
              ],
              "suites": [],
              "passes": [
                "8be9485e-5001-448a-9a61-a41b0c7955e0",
                "9bb79555-4fdf-4bbe-9cd4-95d3bbca2bf0"
              ],
              "failures": [],
              "pending": [],
              "skipped": [],
              "duration": 257,
              "root": false,
              "rootEmpty": false,
              "_timeout": 30000
            },
            {
              "uuid": "17f06c80-84d0-4c06-b6a3-95c85e0eb031",
              "title": "/GET/:id profile",
              "fullFile": "/home/samy/Documents/Code/ATLP/Capstone Project/my-brand-api/test/profiles.spec.js",
              "file": "/test/profiles.spec.js",
              "beforeHooks": [],
              "afterHooks": [],
              "tests": [
                {
                  "title": "it should GET the profile by the given id",
                  "fullTitle": "Profile /GET/:id profile it should GET the profile by the given id",
                  "timedOut": false,
                  "duration": 18,
                  "state": "passed",
                  "speed": "fast",
                  "pass": true,
                  "fail": false,
                  "pending": false,
                  "context": null,
                  "code": "chai.request(server)\n.get('/api/v1/profiles/' + id)\n.end((err, res) => {\n        res.should.have.status(200);\n        res.body.should.be.a('object');\n        res.body.should.have.property('data');\n        res.body.data.should.have.property('profile');\n        res.body.data.profile.should.have.property('name');\n        res.body.data.profile.should.have.property('whatIDo');\n        res.body.data.profile.should.have.property('email');\n        res.body.data.profile.should.have.property('_id').eql(id);\n    done();\n});",
                  "err": {},
                  "uuid": "83ee19f7-d600-48e7-9689-6b96011ffc67",
                  "parentUUID": "17f06c80-84d0-4c06-b6a3-95c85e0eb031",
                  "isHook": false,
                  "skipped": false
                }
              ],
              "suites": [],
              "passes": [
                "83ee19f7-d600-48e7-9689-6b96011ffc67"
              ],
              "failures": [],
              "pending": [],
              "skipped": [],
              "duration": 18,
              "root": false,
              "rootEmpty": false,
              "_timeout": 30000
            },
            {
              "uuid": "c8aed6f9-d4a7-4fda-ab2a-b12192df2b54",
              "title": "/PUT/:id profile",
              "fullFile": "/home/samy/Documents/Code/ATLP/Capstone Project/my-brand-api/test/profiles.spec.js",
              "file": "/test/profiles.spec.js",
              "beforeHooks": [],
              "afterHooks": [],
              "tests": [
                {
                  "title": "it should not UPDATE a profile without authorization",
                  "fullTitle": "Profile /PUT/:id profile it should not UPDATE a profile without authorization",
                  "timedOut": false,
                  "duration": 11,
                  "state": "passed",
                  "speed": "fast",
                  "pass": true,
                  "fail": false,
                  "pending": false,
                  "context": null,
                  "code": "chai.request(server)\n.put('/api/v1/profiles/' + id)\n.send({\n    name: \"Samuel\",\n    whatIDo: \"Software developer\",\n    email: \"samuelshyaka@gmail.com\"                   \n    })\n.end((err, res) => {\n        res.should.have.status(401);\n        res.body.should.be.a('object');\n        res.body.should.have.property('message').eql('Unauthorized');\n    done();\n});",
                  "err": {},
                  "uuid": "aa826a69-ee16-4c1e-88c1-a1e07b17015e",
                  "parentUUID": "c8aed6f9-d4a7-4fda-ab2a-b12192df2b54",
                  "isHook": false,
                  "skipped": false
                },
                {
                  "title": "it should UPDATE a profile",
                  "fullTitle": "Profile /PUT/:id profile it should UPDATE a profile",
                  "timedOut": false,
                  "duration": 155,
                  "state": "passed",
                  "speed": "slow",
                  "pass": true,
                  "fail": false,
                  "pending": false,
                  "context": null,
                  "code": "chai.request(server)\n    .post('/api/v1/login')\n    .send({\n        'email': 'jadoncsancho@gmail.com',\n        'password': 'Sancho25'\n    })\n    .end((err, res) => {\n        res.should.have.status(200);\n        res.body.should.be.a('object');\n        res.body.should.have.property('accessToken');\n        const token = res.body.accessToken;\n\n    chai.request(server)\n    .put('/api/v1/profiles/' + id)\n    .set({ Authorization: `Bearer ${token}` })\n    .send({\n        name: \"Samuel\",\n        whatIDo: \"Software developer\",\n        email: \"samuelshyaka@gmail.com\"                   \n        })\n    .end((err, res) => {\n        res.should.have.status(200);\n        res.body.should.be.a('object');\n        res.body.should.have.property('data');\n        res.body.data.should.have.property('profile');\n        res.body.data.profile.should.have.property('name');\n        res.body.data.profile.should.have.property('whatIDo');\n        res.body.data.profile.should.have.property('email');\n        res.body.data.profile.should.have.property('_id').eql(id);\n        done();\n    });        \n});",
                  "err": {},
                  "uuid": "d638b852-bc0d-45da-9683-09cbf9e3e2ac",
                  "parentUUID": "c8aed6f9-d4a7-4fda-ab2a-b12192df2b54",
                  "isHook": false,
                  "skipped": false
                }
              ],
              "suites": [],
              "passes": [
                "aa826a69-ee16-4c1e-88c1-a1e07b17015e",
                "d638b852-bc0d-45da-9683-09cbf9e3e2ac"
              ],
              "failures": [],
              "pending": [],
              "skipped": [],
              "duration": 166,
              "root": false,
              "rootEmpty": false,
              "_timeout": 30000
            },
            {
              "uuid": "e74b7c15-0128-46ec-a659-44ff622c53f7",
              "title": "/DELETE/:id profile",
              "fullFile": "/home/samy/Documents/Code/ATLP/Capstone Project/my-brand-api/test/profiles.spec.js",
              "file": "/test/profiles.spec.js",
              "beforeHooks": [],
              "afterHooks": [],
              "tests": [
                {
                  "title": "it should not DELETE a profile without authorization",
                  "fullTitle": "Profile /DELETE/:id profile it should not DELETE a profile without authorization",
                  "timedOut": false,
                  "duration": 4,
                  "state": "passed",
                  "speed": "fast",
                  "pass": true,
                  "fail": false,
                  "pending": false,
                  "context": null,
                  "code": "chai.request(server)\n    .delete('/api/v1/profiles/' + id)\n    .end((err, res) => {\n        res.should.have.status(401);\n        res.body.should.be.a('object');\n        res.body.should.have.property('message').eql('Unauthorized');\n        done();\n    });",
                  "err": {},
                  "uuid": "fc712fa8-09bf-4fa3-8d59-77ef2020ea0a",
                  "parentUUID": "e74b7c15-0128-46ec-a659-44ff622c53f7",
                  "isHook": false,
                  "skipped": false
                },
                {
                  "title": "it should DELETE a profile",
                  "fullTitle": "Profile /DELETE/:id profile it should DELETE a profile",
                  "timedOut": false,
                  "duration": 158,
                  "state": "passed",
                  "speed": "slow",
                  "pass": true,
                  "fail": false,
                  "pending": false,
                  "context": null,
                  "code": "chai.request(server)\n    .post('/api/v1/login')\n    .send({\n        'email': 'jadoncsancho@gmail.com',\n        'password': 'Sancho25'\n    })\n    .end((err, res) => {\n        res.should.have.status(200);\n        res.body.should.be.a('object');\n        res.body.should.have.property('accessToken');\n        const token = res.body.accessToken;\nchai.request(server)\n    .delete('/api/v1/profiles/' + id)\n    .set({ Authorization: `Bearer ${token}` })\n    .end((err, res) => {\n        res.should.have.status(200);\n        res.body.should.be.a('object');\n        res.body.should.have.property('message').eql('Profile deleted');\n        done();\n    });\n});",
                  "err": {},
                  "uuid": "4c3ba820-afb6-4abc-b6fe-900381608230",
                  "parentUUID": "e74b7c15-0128-46ec-a659-44ff622c53f7",
                  "isHook": false,
                  "skipped": false
                }
              ],
              "suites": [],
              "passes": [
                "fc712fa8-09bf-4fa3-8d59-77ef2020ea0a",
                "4c3ba820-afb6-4abc-b6fe-900381608230"
              ],
              "failures": [],
              "pending": [],
              "skipped": [],
              "duration": 162,
              "root": false,
              "rootEmpty": false,
              "_timeout": 30000
            }
          ],
          "passes": [],
          "failures": [],
          "pending": [],
          "skipped": [],
          "duration": 0,
          "root": false,
          "rootEmpty": false,
          "_timeout": 30000
        },
        {
          "uuid": "3cad55a4-6f63-4ede-a053-41cd36f7d400",
          "title": "Query",
          "fullFile": "/home/samy/Documents/Code/ATLP/Capstone Project/my-brand-api/test/queries.spec.js",
          "file": "/test/queries.spec.js",
          "beforeHooks": [
            {
              "title": "\"before all\" hook in \"Query\"",
              "fullTitle": "Query \"before all\" hook in \"Query\"",
              "timedOut": false,
              "duration": 3,
              "state": null,
              "speed": null,
              "pass": false,
              "fail": false,
              "pending": false,
              "context": null,
              "code": "Query.deleteMany({}, (err) => {\n});\nUser.deleteMany({}, (err) => {\n    done();\n });",
              "err": {},
              "uuid": "0bc62a4e-4b77-400b-bf40-d287fb8ffe23",
              "parentUUID": "3cad55a4-6f63-4ede-a053-41cd36f7d400",
              "isHook": true,
              "skipped": false
            }
          ],
          "afterHooks": [
            {
              "title": "\"after all\" hook in \"Query\"",
              "fullTitle": "Query \"after all\" hook in \"Query\"",
              "timedOut": false,
              "duration": 4,
              "state": null,
              "speed": null,
              "pass": false,
              "fail": false,
              "pending": false,
              "context": null,
              "code": "Query.deleteMany({}, (err) => {\n});\nUser.deleteMany({}, (err) => {\n    done();\n });",
              "err": {},
              "uuid": "b223e5fe-f563-43b9-90e9-d2dbc3dd98b7",
              "parentUUID": "3cad55a4-6f63-4ede-a053-41cd36f7d400",
              "isHook": true,
              "skipped": false
            }
          ],
          "tests": [],
          "suites": [
            {
              "uuid": "8a19d59c-2d55-4e74-bff3-b9cea7093f86",
              "title": "/GET query",
              "fullFile": "/home/samy/Documents/Code/ATLP/Capstone Project/my-brand-api/test/queries.spec.js",
              "file": "/test/queries.spec.js",
              "beforeHooks": [],
              "afterHooks": [],
              "tests": [
                {
                  "title": "it should not retrieve a list of queries without authorization",
                  "fullTitle": "Query /GET query it should not retrieve a list of queries without authorization",
                  "timedOut": false,
                  "duration": 6,
                  "state": "passed",
                  "speed": "fast",
                  "pass": true,
                  "fail": false,
                  "pending": false,
                  "context": null,
                  "code": "chai.request(server)\n.get('/api/v1/queries')\n.end((err, res) => {\n    res.should.have.status(401);\n    res.body.should.be.a('object');\n    res.body.should.have.property('message').eql('Unauthorized');\n    done();\n});",
                  "err": {},
                  "uuid": "3a268b22-440b-4640-9395-c314eccc0976",
                  "parentUUID": "8a19d59c-2d55-4e74-bff3-b9cea7093f86",
                  "isHook": false,
                  "skipped": false
                },
                {
                  "title": "it should retrieve a list of queries ",
                  "fullTitle": "Query /GET query it should retrieve a list of queries ",
                  "timedOut": false,
                  "duration": 265,
                  "state": "passed",
                  "speed": "slow",
                  "pass": true,
                  "fail": false,
                  "pending": false,
                  "context": null,
                  "code": "chai.request(server)\n    .post('/api/v1/users')\n    .send({\n        'email': 'jadoncsancho@gmail.com',\n        'password': 'Sancho25'\n    })\n    .end((err, res) => {\n        res.should.have.status(201);\n        chai.request(server)\n            .post('/api/v1/login')\n            .send({\n                'email': 'jadoncsancho@gmail.com',\n                'password': 'Sancho25'\n            })\n            .end((err, res) => {\n                res.should.have.status(200);\n                res.body.should.be.a('object');\n                res.body.should.have.property('accessToken');\n                const token = res.body.accessToken;\n                    \n                    chai.request(server)\n                    .get('/api/v1/queries')\n                    .set({ Authorization: `Bearer ${token}` })\n                    .end((err, res) => {\n                        res.body.should.be.a('object');\n                        res.body.should.have.property('data');\n                        res.body.data.should.have.property('queries');\n                        res.body.data.queries.should.be.a('array');\n                        done();\n                    });\n            })\n        });",
                  "err": {},
                  "uuid": "164e1e2b-b892-43c3-b688-caeb0293d941",
                  "parentUUID": "8a19d59c-2d55-4e74-bff3-b9cea7093f86",
                  "isHook": false,
                  "skipped": false
                }
              ],
              "suites": [],
              "passes": [
                "3a268b22-440b-4640-9395-c314eccc0976",
                "164e1e2b-b892-43c3-b688-caeb0293d941"
              ],
              "failures": [],
              "pending": [],
              "skipped": [],
              "duration": 271,
              "root": false,
              "rootEmpty": false,
              "_timeout": 30000
            },
            {
              "uuid": "83c6954e-db86-40a0-bf49-a29b6ba884e2",
              "title": "/POST query",
              "fullFile": "/home/samy/Documents/Code/ATLP/Capstone Project/my-brand-api/test/queries.spec.js",
              "file": "/test/queries.spec.js",
              "beforeHooks": [],
              "afterHooks": [],
              "tests": [
                {
                  "title": "it should POST a query",
                  "fullTitle": "Query /POST query it should POST a query",
                  "timedOut": false,
                  "duration": 13,
                  "state": "passed",
                  "speed": "fast",
                  "pass": true,
                  "fail": false,
                  "pending": false,
                  "context": null,
                  "code": "const query = {\n    name: \"Jadon Sancho\",\n    email: \"jadonsancho@gmail.com\",\n    message: \"I want to hire you\"\n}\nchai.request(server)\n.post('/api/v1/queries')\n.send(query)\n.end((err, res) => {\n    res.should.have.status(201);\n    res.body.should.be.a('object');\n    res.body.should.have.property('data');\n    res.body.data.should.have.property('query');\n    res.body.data.query.should.have.property('_id');\n    res.body.data.query.should.have.property('name');\n    res.body.data.query.should.have.property('email');\n    res.body.data.query.should.have.property('message');\n    id = res.body.data.query._id;\n    done();\n});",
                  "err": {},
                  "uuid": "57caf825-e1e3-4b93-8423-a4df6823e3db",
                  "parentUUID": "83c6954e-db86-40a0-bf49-a29b6ba884e2",
                  "isHook": false,
                  "skipped": false
                }
              ],
              "suites": [],
              "passes": [
                "57caf825-e1e3-4b93-8423-a4df6823e3db"
              ],
              "failures": [],
              "pending": [],
              "skipped": [],
              "duration": 13,
              "root": false,
              "rootEmpty": false,
              "_timeout": 30000
            },
            {
              "uuid": "9696b54b-fae0-4e91-80e7-271738ae95dc",
              "title": "/GET/:id query",
              "fullFile": "/home/samy/Documents/Code/ATLP/Capstone Project/my-brand-api/test/queries.spec.js",
              "file": "/test/queries.spec.js",
              "beforeHooks": [],
              "afterHooks": [],
              "tests": [
                {
                  "title": "it should not GET the query by the given id without authorization",
                  "fullTitle": "Query /GET/:id query it should not GET the query by the given id without authorization",
                  "timedOut": false,
                  "duration": 7,
                  "state": "passed",
                  "speed": "fast",
                  "pass": true,
                  "fail": false,
                  "pending": false,
                  "context": null,
                  "code": "chai.request(server)\n.get('/api/v1/queries/' + id)\n.end((err, res) => {\n    res.should.have.status(401);\n    res.body.should.be.a('object');\n    res.body.should.have.property('message').eql('Unauthorized');\n    done();\n});",
                  "err": {},
                  "uuid": "5db5ec72-172e-489c-bccc-cb8f024f4980",
                  "parentUUID": "9696b54b-fae0-4e91-80e7-271738ae95dc",
                  "isHook": false,
                  "skipped": false
                },
                {
                  "title": "it should GET the query by the given id ",
                  "fullTitle": "Query /GET/:id query it should GET the query by the given id ",
                  "timedOut": false,
                  "duration": 141,
                  "state": "passed",
                  "speed": "slow",
                  "pass": true,
                  "fail": false,
                  "pending": false,
                  "context": null,
                  "code": "chai.request(server)\n           .post('/api/v1/login')\n           .send({\n               'email': 'jadoncsancho@gmail.com',\n               'password': 'Sancho25'\n           })\n   .end((err, res) => {\n       res.should.have.status(200);\n       res.body.should.be.a('object');\n       res.body.should.have.property('accessToken');\n       const token = res.body.accessToken;\n                   \n           chai.request(server)\n           .get('/api/v1/queries/' + id)\n           .set({ Authorization: `Bearer ${token}` })\n           .end((err, res) => {\n               res.should.have.status(200);\n               res.body.should.be.a('object');\n               res.body.should.have.property('data');\n               res.body.data.should.have.property('query');\n               res.body.data.query.should.have.property('name');\n               res.body.data.query.should.have.property('email');\n               res.body.data.query.should.have.property('message');\n               res.body.data.query.should.have.property('_id').eql(id);\n               done();\n           });\n   });",
                  "err": {},
                  "uuid": "e52769f8-28ae-406a-929e-3c18f974c304",
                  "parentUUID": "9696b54b-fae0-4e91-80e7-271738ae95dc",
                  "isHook": false,
                  "skipped": false
                }
              ],
              "suites": [],
              "passes": [
                "5db5ec72-172e-489c-bccc-cb8f024f4980",
                "e52769f8-28ae-406a-929e-3c18f974c304"
              ],
              "failures": [],
              "pending": [],
              "skipped": [],
              "duration": 148,
              "root": false,
              "rootEmpty": false,
              "_timeout": 30000
            },
            {
              "uuid": "eeeb2daf-80f8-4645-b5fe-652ce6fdbe98",
              "title": "/DELETE/:id query",
              "fullFile": "/home/samy/Documents/Code/ATLP/Capstone Project/my-brand-api/test/queries.spec.js",
              "file": "/test/queries.spec.js",
              "beforeHooks": [],
              "afterHooks": [],
              "tests": [
                {
                  "title": "it should not DELETE a query without authorization",
                  "fullTitle": "Query /DELETE/:id query it should not DELETE a query without authorization",
                  "timedOut": false,
                  "duration": 12,
                  "state": "passed",
                  "speed": "fast",
                  "pass": true,
                  "fail": false,
                  "pending": false,
                  "context": null,
                  "code": "chai.request(server)\n    .delete('/api/v1/queries/' + id)\n    .end((err, res) => {\n        res.should.have.status(401);\n        res.body.should.be.a('object');\n        res.body.should.have.property('message').eql('Unauthorized');\n        done();\n    });",
                  "err": {},
                  "uuid": "9d3f8f8e-ac4a-4ee5-bca5-6436b4b2405c",
                  "parentUUID": "eeeb2daf-80f8-4645-b5fe-652ce6fdbe98",
                  "isHook": false,
                  "skipped": false
                },
                {
                  "title": "it should DELETE a query",
                  "fullTitle": "Query /DELETE/:id query it should DELETE a query",
                  "timedOut": false,
                  "duration": 157,
                  "state": "passed",
                  "speed": "slow",
                  "pass": true,
                  "fail": false,
                  "pending": false,
                  "context": null,
                  "code": "chai.request(server)\n    .post('/api/v1/login')\n    .send({\n        'email': 'jadoncsancho@gmail.com',\n        'password': 'Sancho25'\n    })\n    .end((err, res) => {\n        res.should.have.status(200);\n        res.body.should.be.a('object');\n        res.body.should.have.property('accessToken');\n        const token = res.body.accessToken;\nchai.request(server)\n    .delete('/api/v1/queries/' + id)\n    .set({ Authorization: `Bearer ${token}` })\n    .end((err, res) => {\n        res.should.have.status(200);\n        res.body.should.be.a('object');\n        res.body.should.have.property('message').eql('Query deleted');\n        done();\n    });\n});",
                  "err": {},
                  "uuid": "abff57a3-1280-416c-bda8-fd66127e3327",
                  "parentUUID": "eeeb2daf-80f8-4645-b5fe-652ce6fdbe98",
                  "isHook": false,
                  "skipped": false
                }
              ],
              "suites": [],
              "passes": [
                "9d3f8f8e-ac4a-4ee5-bca5-6436b4b2405c",
                "abff57a3-1280-416c-bda8-fd66127e3327"
              ],
              "failures": [],
              "pending": [],
              "skipped": [],
              "duration": 169,
              "root": false,
              "rootEmpty": false,
              "_timeout": 30000
            }
          ],
          "passes": [],
          "failures": [],
          "pending": [],
          "skipped": [],
          "duration": 0,
          "root": false,
          "rootEmpty": false,
          "_timeout": 30000
        },
        {
          "uuid": "77c1dcf8-809e-4792-a99f-086f85fcc656",
          "title": "User",
          "fullFile": "/home/samy/Documents/Code/ATLP/Capstone Project/my-brand-api/test/users.spec.js",
          "file": "/test/users.spec.js",
          "beforeHooks": [
            {
              "title": "\"before all\" hook in \"User\"",
              "fullTitle": "User \"before all\" hook in \"User\"",
              "timedOut": false,
              "duration": 2,
              "state": null,
              "speed": null,
              "pass": false,
              "fail": false,
              "pending": false,
              "context": null,
              "code": "User.deleteMany({}, (err) => {\n    done();\n });",
              "err": {},
              "uuid": "eca6a79c-378c-477e-9e0b-a887f7eef3e7",
              "parentUUID": "77c1dcf8-809e-4792-a99f-086f85fcc656",
              "isHook": true,
              "skipped": false
            }
          ],
          "afterHooks": [
            {
              "title": "\"after all\" hook in \"User\"",
              "fullTitle": "User \"after all\" hook in \"User\"",
              "timedOut": false,
              "duration": 4,
              "state": null,
              "speed": null,
              "pass": false,
              "fail": false,
              "pending": false,
              "context": null,
              "code": "User.deleteMany({}, (err) => {\n    done();\n });",
              "err": {},
              "uuid": "784f938f-33df-48b8-9539-2fecb7cfaced",
              "parentUUID": "77c1dcf8-809e-4792-a99f-086f85fcc656",
              "isHook": true,
              "skipped": false
            }
          ],
          "tests": [],
          "suites": [
            {
              "uuid": "5d46861a-97a7-4ca3-8327-4ac61234562d",
              "title": "/POST user",
              "fullFile": "/home/samy/Documents/Code/ATLP/Capstone Project/my-brand-api/test/users.spec.js",
              "file": "/test/users.spec.js",
              "beforeHooks": [],
              "afterHooks": [],
              "tests": [
                {
                  "title": "it should create a user ",
                  "fullTitle": "User /POST user it should create a user ",
                  "timedOut": false,
                  "duration": 137,
                  "state": "passed",
                  "speed": "slow",
                  "pass": true,
                  "fail": false,
                  "pending": false,
                  "context": null,
                  "code": "chai.request(server)\n    .post('/api/v1/users')\n    .send({\n        'email': 'jadoncsancho@gmail.com',\n        'password': 'Sancho25'\n    })\n    .end((err, res) => {\n        res.should.have.status(201);\n        res.body.should.be.a('object');\n        res.body.should.have.property('data');\n        res.body.data.should.have.property('user');\n        res.body.data.user.should.have.property('_id');\n        res.body.data.user.should.have.property('email');\n        done();        \n    })",
                  "err": {},
                  "uuid": "f2f123ba-c8cd-4f87-9e8e-fc4cf580ec05",
                  "parentUUID": "5d46861a-97a7-4ca3-8327-4ac61234562d",
                  "isHook": false,
                  "skipped": false
                }
              ],
              "suites": [],
              "passes": [
                "f2f123ba-c8cd-4f87-9e8e-fc4cf580ec05"
              ],
              "failures": [],
              "pending": [],
              "skipped": [],
              "duration": 137,
              "root": false,
              "rootEmpty": false,
              "_timeout": 30000
            }
          ],
          "passes": [],
          "failures": [],
          "pending": [],
          "skipped": [],
          "duration": 0,
          "root": false,
          "rootEmpty": false,
          "_timeout": 30000
        }
      ],
      "passes": [],
      "failures": [],
      "pending": [],
      "skipped": [],
      "duration": 0,
      "root": true,
      "rootEmpty": true,
      "_timeout": 30000
    }
  ],
  "meta": {
    "mocha": {
      "version": "9.1.4"
    },
    "mochawesome": {
      "options": {
        "quiet": false,
        "reportFilename": "mochawesome",
        "saveHtml": true,
        "saveJson": true,
        "consoleReporter": "spec",
        "useInlineDiffs": false,
        "code": true
      },
      "version": "7.0.1"
    },
    "marge": {
      "options": null,
      "version": "6.0.1"
    }
  }
}